[1m[33mWarning[0m[1m:[0m This is a nightly build of Foundry. It is recommended to use the latest stable version. To mute this warning set `FOUNDRY_DISABLE_NIGHTLY_WARNING` in your environment. 

No files changed, compilation skipped
Traces:
  [2134658] [32mDeployEPC[0m::[32mrun[0m()
    â”œâ”€ [0] [34mVM[0m::[34mstartBroadcast[0m()
    â”‚   â””â”€ [34mâ† [Return][0m
    â”œâ”€ [0] [34mVM[0m::[34menvAddress[0m("AUTHPROXY_ADDRESS")[33m [staticcall][0m
    â”‚   â””â”€ [34mâ† [Return][0m <env var value>
    â”œâ”€ [1195991] [33mâ†’ new[0m EPCRouter@0xf1ABD1C450BF1A71419f4EcC941c11A50ab6E489
    â”‚   â””â”€ [32mâ† [Return][0m 5863 bytes of code
    â”œâ”€ [145141] [33mâ†’ new[0m EPCAdmin@0xb663883fC654e5C85B383Fd018e71e13e1ee3ef0
    â”‚   â””â”€ [32mâ† [Return][0m 614 bytes of code
    â”œâ”€ [0] [34mVM[0m::[34mffi[0m(["./manage.sh", "facetMethodIds", "EPCAdmin"])
    â”‚   â””â”€ [34mâ† [Return][0m 0x000000000000000000000000000000000000000000000000000000000000002000000000000000000000000000000000000000000000000000000000000000028da5cb5b00000000000000000000000000000000000000000000000000000000f2fde38b00000000000000000000000000000000000000000000000000000000
    â”œâ”€ [146252] [32mEPCRouter[0m::[32mdiamondCut[0m([FacetCut({ facetAddress: 0xb663883fC654e5C85B383Fd018e71e13e1ee3ef0, action: 0, functionSelectors: [0x8da5cb5b, 0xf2fde38b] })], 0x0000000000000000000000000000000000000000, 0x)
    â”‚   â”œâ”€ emit DiamondCut([36m_diamondCut: [FacetCut({ facetAddress: 0xb663883fC654e5C85B383Fd018e71e13e1ee3ef0, action: 0, functionSelectors: [0x8da5cb5b, 0xf2fde38b] })], _init: 0x0000000000000000000000000000000000000000, _calldata: 0x[0m)
    â”‚   â””â”€ [32mâ† [Stop][0m
    â”œâ”€ [294497] [33mâ†’ new[0m EPCMint@0x10206868FEFd4b28d37DddFddf0dfB59219AC4f8
    â”‚   â””â”€ [32mâ† [Return][0m 1359 bytes of code
    â”œâ”€ [0] [34mVM[0m::[34mffi[0m(["./manage.sh", "facetMethodIds", "EPCMint"])
    â”‚   â””â”€ [34mâ† [Return][0m 0x00000000000000000000000000000000000000000000000000000000000000200000000000000000000000000000000000000000000000000000000000000002bd44b076000000000000000000000000000000000000000000000000000000006c6458e300000000000000000000000000000000000000000000000000000000
    â”œâ”€ [144252] [32mEPCRouter[0m::[32mdiamondCut[0m([FacetCut({ facetAddress: 0x10206868FEFd4b28d37DddFddf0dfB59219AC4f8, action: 0, functionSelectors: [0xbd44b076, 0x6c6458e3] })], 0x0000000000000000000000000000000000000000, 0x)
    â”‚   â”œâ”€ emit DiamondCut([36m_diamondCut: [FacetCut({ facetAddress: 0x10206868FEFd4b28d37DddFddf0dfB59219AC4f8, action: 0, functionSelectors: [0xbd44b076, 0x6c6458e3] })], _init: 0x0000000000000000000000000000000000000000, _calldata: 0x[0m)
    â”‚   â””â”€ [32mâ† [Stop][0m
    â”œâ”€ [91894] [32mEPCRouter[0m::[32mfallback[0m()
    â”‚   â”œâ”€ [91079] [32mEPCMint[0m::[32msanityTest[0m()[33m [delegatecall][0m
    â”‚   â”‚   â”œâ”€ [1617] [33mâ†’ new[0m <unknown>@0xCDdC8a16BB6b04486b6c4D9519a29b7ABd783B2E
    â”‚   â”‚   â”‚   â””â”€ [32mâ† [Return][0m 8 bytes of code
    â”‚   â”‚   â”œâ”€ [55328] [32m0xCDdC8a16BB6b04486b6c4D9519a29b7ABd783B2E[0m::[32m60806040[0m(52348015600e575f80fd5b50607480601a5f395ff3fe6080604052348015600e575f80fd5b50600436106026575f3560e01c80639227793314602a575b5f80fd5b606f60405190815260200160405180910390f3fea2646970667358221220cf7fe2b7819bf340528b4bafd89bd25f317105302b526a90ce6c6e36abbcac1364736f6c634300081a0033)
    â”‚   â”‚   â”‚   â”œâ”€ [23273] [33mâ†’ new[0m EpcMintTest@0x327F5b78d2cB1100fbb03F273E7738d91A2b896F
    â”‚   â”‚   â”‚   â”‚   â””â”€ [32mâ† [Return][0m 116 bytes of code
    â”‚   â”‚   â”‚   â””â”€ [32mâ† [Stop][0m
    â”‚   â”‚   â”œâ”€ [145] [32mEpcMintTest[0m::[32mabc[0m()[33m [staticcall][0m
    â”‚   â”‚   â”‚   â””â”€ [32mâ† [Return][0m 111
    â”‚   â”‚   â””â”€ [32mâ† [Return][0m EpcMintTest: [0x327F5b78d2cB1100fbb03F273E7738d91A2b896F]
    â”‚   â””â”€ [32mâ† [Return][0m EpcMintTest: [0x327F5b78d2cB1100fbb03F273E7738d91A2b896F]
    â”œâ”€ [0] [34mVM[0m::[34mstopBroadcast[0m()
    â”‚   â””â”€ [34mâ† [Return][0m
    â””â”€ [32mâ† [Stop][0m


Script ran successfully.

## Setting up 1 EVM.
==========================
Simulated On-chain Traces:

  [1195991] [33mâ†’ new[0m EPCRouter@0xf1ABD1C450BF1A71419f4EcC941c11A50ab6E489
    â””â”€ [32mâ† [Return][0m 5863 bytes of code

  [145141] [33mâ†’ new[0m EPCAdmin@0xb663883fC654e5C85B383Fd018e71e13e1ee3ef0
    â””â”€ [32mâ† [Return][0m 614 bytes of code

  [150752] [32mEPCRouter[0m::[32mdiamondCut[0m([FacetCut({ facetAddress: 0xb663883fC654e5C85B383Fd018e71e13e1ee3ef0, action: 0, functionSelectors: [0x8da5cb5b, 0xf2fde38b] })], 0x0000000000000000000000000000000000000000, 0x)
    â”œâ”€ emit DiamondCut([36m_diamondCut: [FacetCut({ facetAddress: 0xb663883fC654e5C85B383Fd018e71e13e1ee3ef0, action: 0, functionSelectors: [0x8da5cb5b, 0xf2fde38b] })], _init: 0x0000000000000000000000000000000000000000, _calldata: 0x[0m)
    â””â”€ [32mâ† [Stop][0m

  [294497] [33mâ†’ new[0m EPCMint@0x10206868FEFd4b28d37DddFddf0dfB59219AC4f8
    â””â”€ [32mâ† [Return][0m 1359 bytes of code

  [153552] [32mEPCRouter[0m::[32mdiamondCut[0m([FacetCut({ facetAddress: 0x10206868FEFd4b28d37DddFddf0dfB59219AC4f8, action: 0, functionSelectors: [0xbd44b076, 0x6c6458e3] })], 0x0000000000000000000000000000000000000000, 0x)
    â”œâ”€ emit DiamondCut([36m_diamondCut: [FacetCut({ facetAddress: 0x10206868FEFd4b28d37DddFddf0dfB59219AC4f8, action: 0, functionSelectors: [0xbd44b076, 0x6c6458e3] })], _init: 0x0000000000000000000000000000000000000000, _calldata: 0x[0m)
    â””â”€ [32mâ† [Stop][0m

  [98394] [32mEPCRouter[0m::[32mfallback[0m()
    â”œâ”€ [91079] [32mEPCMint[0m::[32msanityTest[0m()[33m [delegatecall][0m
    â”‚   â”œâ”€ [1617] [33mâ†’ new[0m <unknown>@0xCDdC8a16BB6b04486b6c4D9519a29b7ABd783B2E
    â”‚   â”‚   â””â”€ [32mâ† [Return][0m 8 bytes of code
    â”‚   â”œâ”€ [55328] [32m0xCDdC8a16BB6b04486b6c4D9519a29b7ABd783B2E[0m::[32m60806040[0m(52348015600e575f80fd5b50607480601a5f395ff3fe6080604052348015600e575f80fd5b50600436106026575f3560e01c80639227793314602a575b5f80fd5b606f60405190815260200160405180910390f3fea2646970667358221220cf7fe2b7819bf340528b4bafd89bd25f317105302b526a90ce6c6e36abbcac1364736f6c634300081a0033)
    â”‚   â”‚   â”œâ”€ [23273] [33mâ†’ new[0m EpcMintTest@0x327F5b78d2cB1100fbb03F273E7738d91A2b896F
    â”‚   â”‚   â”‚   â””â”€ [32mâ† [Return][0m 116 bytes of code
    â”‚   â”‚   â””â”€ [32mâ† [Stop][0m
    â”‚   â”œâ”€ [145] [32mEpcMintTest[0m::[32mabc[0m()[33m [staticcall][0m
    â”‚   â”‚   â””â”€ [32mâ† [Return][0m 111
    â”‚   â””â”€ [32mâ† [Return][0m EpcMintTest: [0x327F5b78d2cB1100fbb03F273E7738d91A2b896F]
    â””â”€ [32mâ† [Return][0m EpcMintTest: [0x327F5b78d2cB1100fbb03F273E7738d91A2b896F]


==========================

Chain 8453

Estimated gas price: 0.006664314 gwei

Estimated total gas used for script: 3161270

Estimated amount required: 0.00002106769591878 ETH

==========================

